<?xml version="1.0" encoding="UTF-8"?>
<testsuite name="guru.qa.Start" tests="1" skipped="0" failures="0" errors="0" timestamp="2023-10-30T10:47:30" hostname="DESKTOP-UR7FP0F" time="0.015">
  <properties/>
  <testcase name="name()" classname="guru.qa.Start" time="0.015"/>
  <system-out><![CDATA[]]></system-out>
  <system-err><![CDATA[]]></system-err>
</testsuite>
