<?xml version="1.0" encoding="UTF-8"?>
<testsuite name="com.demoqa.forms.practice_form" tests="1" skipped="0" failures="0" errors="0" timestamp="2023-11-08T13:43:54" hostname="DESKTOP-UR7FP0F" time="14.441">
  <properties/>
  <testcase name="sucessfullRegistrationFormTest()" classname="com.demoqa.forms.practice_form" time="14.441"/>
  <system-out><![CDATA[]]></system-out>
  <system-err><![CDATA[SLF4J: No SLF4J providers were found.
SLF4J: Defaulting to no-operation (NOP) logger implementation
SLF4J: See https://www.slf4j.org/codes.html#noProviders for further details.
нояб. 08, 2023 4:43:55 PM org.openqa.selenium.remote.service.DriverService$Builder getLogOutput
INFO: Driver logs no longer sent to console by default; https://www.selenium.dev/documentation/webdriver/drivers/service/#setting-log-output
нояб. 08, 2023 4:43:56 PM org.openqa.selenium.devtools.CdpVersionFinder findNearestMatch
WARNING: Unable to find CDP implementation matching 119
нояб. 08, 2023 4:43:56 PM org.openqa.selenium.chromium.ChromiumDriver lambda$new$4
WARNING: Unable to find version of CDP to use for . You may need to include a dependency on a specific version of the CDP using something similar to `org.seleniumhq.selenium:selenium-devtools-v86:4.10.0` where the version ("v86") matches the version of the chromium-based browser you're using and the version number of the artifact is the same as Selenium's.
]]></system-err>
</testsuite>
