<?xml version="1.0" encoding="UTF-8"?>
<testsuite name="com.demoqa.forms.practice_form" tests="1" skipped="0" failures="0" errors="0" timestamp="2023-11-03T12:18:57" hostname="DESKTOP-UR7FP0F" time="12.985">
  <properties/>
  <testcase name="sucessfullRegistrationFormTest()" classname="com.demoqa.forms.practice_form" time="12.985"/>
  <system-out><![CDATA[]]></system-out>
  <system-err><![CDATA[SLF4J: No SLF4J providers were found.
SLF4J: Defaulting to no-operation (NOP) logger implementation
SLF4J: See https://www.slf4j.org/codes.html#noProviders for further details.
нояб. 03, 2023 3:18:57 PM org.openqa.selenium.remote.service.DriverService$Builder getLogOutput
INFO: Driver logs no longer sent to console by default; https://www.selenium.dev/documentation/webdriver/drivers/service/#setting-log-output
нояб. 03, 2023 3:18:59 PM org.openqa.selenium.devtools.CdpVersionFinder findNearestMatch
WARNING: Unable to find an exact match for CDP version 118, so returning the closest version found: 114
]]></system-err>
</testsuite>
